<?xml version="1.0" encoding="UTF-8"?>
<!-- Generated by org.testng.reporters.JUnitReportReporter -->
<testsuite hostname="INLEN8520075397" failures="0" tests="1" name="com.SeleniumPractise.test.GoogleTest1" time="2.007" errors="0" timestamp="2023-02-06T12:48:29 IST" skipped="0">
  <testcase classname="com.SeleniumPractise.test.GoogleTest1" name="test" time="2.007"/>
  <system-out/>
</testsuite> <!-- com.SeleniumPractise.test.GoogleTest1 -->
