<?xml version="1.0" encoding="UTF-8"?>
<!-- Generated by org.testng.reporters.JUnitReportReporter -->
<testsuite hostname="INLEN8520075397" failures="0" tests="1" name="com.SeleniumPractise.test.AddNewCustomerTest" time="6.494" errors="0" timestamp="2023-02-07T17:57:48 IST" skipped="0">
  <testcase classname="com.SeleniumPractise.test.AddNewCustomerTest" name="AddCustomerTest" time="6.494"/>
  <system-out/>
</testsuite> <!-- com.SeleniumPractise.test.AddNewCustomerTest -->
