<?xml version="1.0" encoding="UTF-8"?>
<!-- Generated by org.testng.reporters.JUnitReportReporter -->
<testsuite hostname="INLEN8520075397" failures="0" tests="1" name="com.SeleniumPractise.test.LoginPageTest" time="6.387" errors="0" timestamp="2023-02-06T15:01:23 IST" skipped="0">
  <testcase classname="com.SeleniumPractise.test.LoginPageTest" name="login_test" time="6.387"/>
  <system-out/>
</testsuite> <!-- com.SeleniumPractise.test.LoginPageTest -->
